0 info it worked if it ends with ok
1 verbose cli [ '/usr/bin/node', '/usr/bin/npm', 'install', 'cryto-js' ]
2 info using npm@2.0.0
3 info using node@v0.10.32
4 verbose cache add [ 'cryto-js', null ]
5 verbose cache add spec="cryto-js" args=["cryto-js",null]
6 verbose parsed spec { raw: 'cryto-js',
6 verbose parsed spec   scope: null,
6 verbose parsed spec   name: 'cryto-js',
6 verbose parsed spec   rawSpec: '',
6 verbose parsed spec   spec: '*',
6 verbose parsed spec   type: 'range' }
7 verbose parsed spec { raw: 'cryto-js',
7 verbose parsed spec   scope: null,
7 verbose parsed spec   name: 'cryto-js',
7 verbose parsed spec   rawSpec: '',
7 verbose parsed spec   spec: '*',
7 verbose parsed spec   type: 'range' }
8 verbose addNamed [ 'cryto-js', '*' ]
9 verbose addNamed [ null, '*' ]
10 silly lockFile 7e8c2e8a-cryto-js cryto-js@*
11 verbose lock cryto-js@* /home/raix/.npm/7e8c2e8a-cryto-js.lock
12 silly addNameRange { name: 'cryto-js', range: '*', hasData: false }
13 verbose mapToRegistry name cryto-js
14 verbose mapToRegistry uri https://registry.npmjs.org/cryto-js
15 verbose request on initialization, where is /cryto-js
16 verbose request after pass 1, where is /cryto-js
17 verbose request url raw /cryto-js
18 verbose request resolving registry [ 'https://registry.npmjs.org/', './cryto-js' ]
19 verbose request after pass 2, where is https://registry.npmjs.org/cryto-js
20 verbose request no auth needed
21 info attempt registry request try #1 at 14:44:42
22 verbose request id da59b97a439913ac
23 http request GET https://registry.npmjs.org/cryto-js
24 http 404 https://registry.npmjs.org/cryto-js
25 verbose headers { date: 'Fri, 19 Sep 2014 06:44:45 GMT',
25 verbose headers   server: 'CouchDB/1.5.0 (Erlang OTP/R14B04)',
25 verbose headers   'content-type': 'application/json',
25 verbose headers   'cache-control': 'max-age=0',
25 verbose headers   'content-length': '52',
25 verbose headers   'accept-ranges': 'bytes',
25 verbose headers   via: '1.1 varnish',
25 verbose headers   age: '0',
25 verbose headers   'x-served-by': 'cache-hk91-HKG',
25 verbose headers   'x-cache': 'MISS',
25 verbose headers   'x-cache-hits': '0',
25 verbose headers   'x-timer': 'S1411109084.094775,VS0,VE938',
25 verbose headers   'keep-alive': 'timeout=10, max=50',
25 verbose headers   connection: 'Keep-Alive' }
26 silly registry.get cb [ 404,
26 silly registry.get   { date: 'Fri, 19 Sep 2014 06:44:45 GMT',
26 silly registry.get     server: 'CouchDB/1.5.0 (Erlang OTP/R14B04)',
26 silly registry.get     'content-type': 'application/json',
26 silly registry.get     'cache-control': 'max-age=0',
26 silly registry.get     'content-length': '52',
26 silly registry.get     'accept-ranges': 'bytes',
26 silly registry.get     via: '1.1 varnish',
26 silly registry.get     age: '0',
26 silly registry.get     'x-served-by': 'cache-hk91-HKG',
26 silly registry.get     'x-cache': 'MISS',
26 silly registry.get     'x-cache-hits': '0',
26 silly registry.get     'x-timer': 'S1411109084.094775,VS0,VE938',
26 silly registry.get     'keep-alive': 'timeout=10, max=50',
26 silly registry.get     connection: 'Keep-Alive' } ]
27 silly lockFile 7e8c2e8a-cryto-js cryto-js@*
28 silly lockFile 7e8c2e8a-cryto-js cryto-js@*
29 verbose stack Error: 404 Not Found: cryto-js
29 verbose stack     at RegClient.<anonymous> (/usr/lib/node_modules/npm/node_modules/npm-registry-client/lib/request.js:259:14)
29 verbose stack     at Request._callback (/usr/lib/node_modules/npm/node_modules/npm-registry-client/lib/request.js:198:65)
29 verbose stack     at Request.self.callback (/usr/lib/node_modules/npm/node_modules/request/request.js:236:22)
29 verbose stack     at Request.emit (events.js:98:17)
29 verbose stack     at Request.<anonymous> (/usr/lib/node_modules/npm/node_modules/request/request.js:1142:14)
29 verbose stack     at Request.emit (events.js:117:20)
29 verbose stack     at IncomingMessage.<anonymous> (/usr/lib/node_modules/npm/node_modules/request/request.js:1096:12)
29 verbose stack     at IncomingMessage.emit (events.js:117:20)
29 verbose stack     at _stream_readable.js:943:16
29 verbose stack     at process._tickCallback (node.js:419:13)
30 verbose statusCode 404
31 verbose pkgid cryto-js
32 verbose cwd /home/raix/Downloads/MT7630E-master
33 error Linux 3.16.3-1-ARCH
34 error argv "/usr/bin/node" "/usr/bin/npm" "install" "cryto-js"
35 error node v0.10.32
36 error npm  v2.0.0
37 error code E404
38 error 404 Not Found: cryto-js
38 error 404
38 error 404 'cryto-js' is not in the npm registry.
38 error 404 You should bug the author to publish it (or use the name yourself!)
38 error 404
38 error 404 Note that you can also install from a
38 error 404 tarball, folder, http url, or git url.
39 verbose exit [ 1, true ]
